E:\MYPROJECTS\SIMULATOR\RELEASE\SIMULATOR.DLL
E:\MyProjects\Simulator\Release\Simulator.exp
E:\MyProjects\Simulator\Release\Simulator.lib
E:\MyProjects\Simulator\Release\Simulator.pdb
E:\MyProjects\Simulator\Simulator\Release\cl.command.1.tlog
E:\MyProjects\Simulator\Simulator\Release\CL.read.1.tlog
E:\MyProjects\Simulator\Simulator\Release\CL.write.1.tlog
E:\MYPROJECTS\SIMULATOR\SIMULATOR\RELEASE\DLLMAIN.OBJ
E:\MyProjects\Simulator\Simulator\Release\link.command.1.tlog
E:\MyProjects\Simulator\Simulator\Release\link.read.1.tlog
E:\MyProjects\Simulator\Simulator\Release\link.write.1.tlog
E:\MyProjects\Simulator\Simulator\Release\mt.command.1.tlog
E:\MyProjects\Simulator\Simulator\Release\mt.read.1.tlog
E:\MyProjects\Simulator\Simulator\Release\mt.write.1.tlog
E:\MYPROJECTS\SIMULATOR\SIMULATOR\RELEASE\SIMULATOR.DLL.INTERMEDIATE.MANIFEST
E:\MYPROJECTS\SIMULATOR\SIMULATOR\RELEASE\SIMULATOR.OBJ
E:\MYPROJECTS\SIMULATOR\SIMULATOR\RELEASE\SIMULATOR.PCH
E:\MyProjects\Simulator\Simulator\Release\Simulator.write.1.tlog
E:\MYPROJECTS\SIMULATOR\SIMULATOR\RELEASE\STDAFX.OBJ
E:\MYPROJECTS\SIMULATOR\SIMULATOR\RELEASE\VC100.PDB
